array(3) {
  [0]=>
  string(5) "apple"
  [1]=>
  string(7) "bannana"
  [2]=>
  string(4) "pear"
}
array(3) {
  [0]=>
  string(5) "apple"
  [1]=>
  string(7) "bannana"
  [2]=>
  string(4) "pear"
}
array(3) {
  [0]=>
  string(5) "apple"
  [1]=>
  string(7) "bannana"
  [2]=>
  string(4) "pear"
}
array(3) {
  [0]=>
  string(5) "apple"
  [1]=>
  string(7) "bannana"
  [2]=>
  string(4) "pear"
}
array(3) {
  [0]=>
  string(5) "apple"
  [1]=>
  string(7) "bannana"
  [2]=>
  string(4) "pear"
}
array(3) {
  [0]=>
  string(5) "apple"
  [1]=>
  string(7) "bannana"
  [2]=>
  string(4) "pear"
}
array(3) {
  [0]=>
  string(5) "apple"
  [1]=>
  string(7) "bannana"
  [2]=>
  string(4) "pear"
}
array(3) {
  [0]=>
  string(5) "apple"
  [1]=>
  string(7) "bannana"
  [2]=>
  string(4) "pear"
}
array(3) {
  [0]=>
  string(5) "apple"
  [1]=>
  string(7) "bannana"
  [2]=>
  string(4) "pear"
}
array(3) {
  [0]=>
  string(5) "apple"
  [1]=>
  string(7) "bannana"
  [2]=>
  string(4) "pear"
}
array(3) {
  [0]=>
  string(5) "apple"
  [1]=>
  string(7) "bannana"
  [2]=>
  string(4) "pear"
}
array(3) {
  [0]=>
  string(5) "apple"
  [1]=>
  string(7) "bannana"
  [2]=>
  string(4) "pear"
}
array(3) {
  [0]=>
  string(5) "apple"
  [1]=>
  string(7) "bannana"
  [2]=>
  string(4) "pear"
}
array(3) {
  [0]=>
  string(5) "apple"
  [1]=>
  string(7) "bannana"
  [2]=>
  string(4) "pear"
}
array(3) {
  [0]=>
  string(4) "fird"
  [1]=>
  string(7) "pergeot"
  [2]=>
  string(8) "vauxhall"
}
array(3) {
  [0]=>
  string(4) "fird"
  [1]=>
  string(7) "pergeot"
  [2]=>
  string(8) "vauxhall"
}
array(3) {
  [0]=>
  string(4) "fird"
  [1]=>
  string(7) "pergeot"
  [2]=>
  string(8) "vauxhall"
}
array(3) {
  [0]=>
  string(4) "fird"
  [1]=>
  string(7) "pergeot"
  [2]=>
  string(8) "vauxhall"
}
array(3) {
  [0]=>
  string(4) "fird"
  [1]=>
  string(7) "pergeot"
  [2]=>
  string(8) "vauxhall"
}
array(3) {
  [0]=>
  string(4) "fird"
  [1]=>
  string(7) "pergeot"
  [2]=>
  string(8) "vauxhall"
}
array(3) {
  [0]=>
  string(4) "fird"
  [1]=>
  string(7) "pergeot"
  [2]=>
  string(8) "vauxhall"
}
array(3) {
  [0]=>
  string(4) "fird"
  [1]=>
  string(7) "pergeot"
  [2]=>
  string(8) "vauxhall"
}
array(3) {
  [0]=>
  string(4) "fird"
  [1]=>
  string(7) "pergeot"
  [2]=>
  string(8) "vauxhall"
}
array(3) {
  [0]=>
  string(4) "fird"
  [1]=>
  string(7) "pergeot"
  [2]=>
  string(8) "vauxhall"
}
array(3) {
  [0]=>
  string(4) "fird"
  [1]=>
  string(7) "pergeot"
  [2]=>
  string(8) "vauxhall"
}
array(3) {
  [0]=>
  string(4) "fird"
  [1]=>
  string(7) "pergeot"
  [2]=>
  string(8) "vauxhall"
}
array(3) {
  [0]=>
  string(4) "fird"
  [1]=>
  string(7) "pergeot"
  [2]=>
  string(8) "vauxhall"
}
array(3) {
  [0]=>
  string(4) "fird"
  [1]=>
  string(7) "pergeot"
  [2]=>
  string(8) "vauxhall"
}
array(3) {
  [0]=>
  string(4) "fird"
  [1]=>
  string(7) "pergeot"
  [2]=>
  string(8) "vauxhall"
}
array(3) {
  [0]=>
  string(4) "fird"
  [1]=>
  string(7) "pergeot"
  [2]=>
  string(8) "vauxhall"
}
array(3) {
  [0]=>
  string(4) "fird"
  [1]=>
  string(7) "pergeot"
  [2]=>
  string(8) "vauxhall"
}
array(3) {
  [0]=>
  string(4) "fird"
  [1]=>
  string(7) "pergeot"
  [2]=>
  string(8) "vauxhall"
}
array(3) {
  [0]=>
  string(4) "fird"
  [1]=>
  string(7) "pergeot"
  [2]=>
  string(8) "vauxhall"
}
array(3) {
  [0]=>
  string(4) "fird"
  [1]=>
  string(7) "pergeot"
  [2]=>
  string(8) "vauxhall"
}
array(3) {
  [0]=>
  string(4) "fird"
  [1]=>
  string(7) "pergeot"
  [2]=>
  string(8) "vauxhall"
}
array(3) {
  [0]=>
  string(4) "fird"
  [1]=>
  string(7) "pergeot"
  [2]=>
  string(8) "vauxhall"
}
array(3) {
  [0]=>
  string(4) "fird"
  [1]=>
  string(7) "pergeot"
  [2]=>
  string(8) "vauxhall"
}
array(3) {
  [0]=>
  string(4) "fird"
  [1]=>
  string(7) "pergeot"
  [2]=>
  string(8) "vauxhall"
}
array(3) {
  [0]=>
  string(4) "fird"
  [1]=>
  string(7) "pergeot"
  [2]=>
  string(8) "vauxhall"
}
array(3) {
  [0]=>
  string(4) "fird"
  [1]=>
  string(7) "pergeot"
  [2]=>
  string(8) "vauxhall"
}
array(3) {
  [0]=>
  string(4) "blue"
  [1]=>
  string(3) "tit"
  [2]=>
  string(6) "pigeon"
}
array(3) {
  [0]=>
  string(4) "fird"
  [1]=>
  string(7) "pergeot"
  [2]=>
  string(8) "vauxhall"
}
array(3) {
  [0]=>
  string(4) "blue"
  [1]=>
  string(3) "tit"
  [2]=>
  string(6) "pigeon"
}
array(3) {
  [0]=>
  string(4) "fird"
  [1]=>
  string(7) "pergeot"
  [2]=>
  string(8) "vauxhall"
}
array(3) {
  [0]=>
  string(4) "blue"
  [1]=>
  string(3) "tit"
  [2]=>
  string(6) "pigeon"
}
array(3) {
  [0]=>
  string(4) "fird"
  [1]=>
  string(7) "pergeot"
  [2]=>
  string(8) "vauxhall"
}
array(3) {
  [0]=>
  string(4) "blue"
  [1]=>
  string(3) "tit"
  [2]=>
  string(6) "pigeon"
}
array(3) {
  [0]=>
  string(4) "fird"
  [1]=>
  string(7) "pergeot"
  [2]=>
  string(8) "vauxhall"
}
array(3) {
  [0]=>
  string(4) "blue"
  [1]=>
  string(3) "tit"
  [2]=>
  string(6) "pigeon"
}
array(3) {
  [0]=>
  string(4) "fird"
  [1]=>
  string(7) "pergeot"
  [2]=>
  string(8) "vauxhall"
}
array(3) {
  [0]=>
  string(4) "blue"
  [1]=>
  string(3) "tit"
  [2]=>
  string(6) "pigeon"
}
array(3) {
  [0]=>
  string(4) "fird"
  [1]=>
  string(7) "pergeot"
  [2]=>
  string(8) "vauxhall"
}
array(3) {
  [0]=>
  string(4) "blue"
  [1]=>
  string(3) "tit"
  [2]=>
  string(6) "pigeon"
}
array(3) {
  [0]=>
  string(4) "fird"
  [1]=>
  string(7) "pergeot"
  [2]=>
  string(8) "vauxhall"
}
array(3) {
  [0]=>
  string(4) "blue"
  [1]=>
  string(3) "tit"
  [2]=>
  string(6) "pigeon"
}
array(3) {
  [0]=>
  string(4) "fird"
  [1]=>
  string(7) "pergeot"
  [2]=>
  string(8) "vauxhall"
}
array(3) {
  [0]=>
  string(4) "blue"
  [1]=>
  string(3) "tit"
  [2]=>
  string(6) "pigeon"
}
array(3) {
  [0]=>
  string(4) "fird"
  [1]=>
  string(7) "pergeot"
  [2]=>
  string(8) "vauxhall"
}
array(3) {
  [0]=>
  string(4) "blue"
  [1]=>
  string(3) "tit"
  [2]=>
  string(6) "pigeon"
}
array(3) {
  [0]=>
  string(4) "fird"
  [1]=>
  string(7) "pergeot"
  [2]=>
  string(8) "vauxhall"
}
array(3) {
  [0]=>
  string(4) "blue"
  [1]=>
  string(3) "tit"
  [2]=>
  string(6) "pigeon"
}
array(3) {
  [0]=>
  string(4) "fird"
  [1]=>
  string(7) "pergeot"
  [2]=>
  string(8) "vauxhall"
}
array(3) {
  [0]=>
  string(4) "blue"
  [1]=>
  string(3) "tit"
  [2]=>
  string(6) "pigeon"
}
array(3) {
  [0]=>
  string(4) "fird"
  [1]=>
  string(7) "pergeot"
  [2]=>
  string(8) "vauxhall"
}

-44-----20:40:05------------
array(3) {
  [0]=>
  string(4) "blue"
  [1]=>
  string(3) "tit"
  [2]=>
  string(6) "pigeon"
}
array(3) {
  [0]=>
  string(4) "fird"
  [1]=>
  string(7) "pergeot"
  [2]=>
  string(8) "vauxhall"
}

-17-----20:40:41------------
array(3) {
  [0]=>
  string(4) "blue"
  [1]=>
  string(3) "tit"
  [2]=>
  string(6) "pigeon"
}
array(3) {
  [0]=>
  string(4) "fird"
  [1]=>
  string(7) "pergeot"
  [2]=>
  string(8) "vauxhall"
}

-79-----20:40:46------------
array(3) {
  [0]=>
  string(4) "blue"
  [1]=>
  string(3) "tit"
  [2]=>
  string(6) "pigeon"
}
array(3) {
  [0]=>
  string(4) "fird"
  [1]=>
  string(7) "pergeot"
  [2]=>
  string(8) "vauxhall"
}

-68-----20:43:44------------
array(3) {
  [0]=>
  string(4) "blue"
  [1]=>
  string(3) "tit"
  [2]=>
  string(6) "pigeon"
}
array(3) {
  [0]=>
  string(4) "fird"
  [1]=>
  string(7) "pergeot"
  [2]=>
  string(8) "vauxhall"
}

-31-----19:58:30------------
array(3) {
  [0]=>
  string(4) "blue"
  [1]=>
  string(3) "tit"
  [2]=>
  string(6) "pigeon"
}
array(3) {
  [0]=>
  string(4) "fird"
  [1]=>
  string(7) "pergeot"
  [2]=>
  string(8) "vauxhall"
}

-27-----19:59:16------------
array(3) {
  [0]=>
  string(4) "blue"
  [1]=>
  string(3) "tit"
  [2]=>
  string(6) "pigeon"
}
array(3) {
  [0]=>
  string(4) "fird"
  [1]=>
  string(7) "pergeot"
  [2]=>
  string(8) "vauxhall"
}

-15-----20:01:43------------
array(3) {
  [0]=>
  string(4) "blue"
  [1]=>
  string(3) "tit"
  [2]=>
  string(6) "pigeon"
}
array(3) {
  [0]=>
  string(4) "fird"
  [1]=>
  string(7) "pergeot"
  [2]=>
  string(8) "vauxhall"
}

-37-----20:01:58------------
array(3) {
  [0]=>
  string(4) "blue"
  [1]=>
  string(3) "tit"
  [2]=>
  string(6) "pigeon"
}
array(3) {
  [0]=>
  string(4) "fird"
  [1]=>
  string(7) "pergeot"
  [2]=>
  string(8) "vauxhall"
}

-54-----20:03:43------------
array(3) {
  [0]=>
  string(4) "blue"
  [1]=>
  string(3) "tit"
  [2]=>
  string(6) "pigeon"
}
Array
(
    [0] => fird
    [1] => pergeot
    [2] => vauxhall
)
Array
(
    [0] => fird
    [1] => pergeot
    [2] => vauxhall
)
Array
(
    [0] => fird
    [1] => pergeot
    [2] => vauxhall
)
Array
(
    [0] => fird
    [1] => pergeot
    [2] => vauxhall
)
Array
(
    [0] => fird
    [1] => pergeot
    [2] => vauxhall
)
Array
(
    [0] => fird
    [1] => pergeot
    [2] => vauxhall
)
Array
(
    [0] => fird
    [1] => pergeot
    [2] => vauxhall
)
Array
(
    [0] => fird
    [1] => pergeot
    [2] => vauxhall
)
Array
(
    [0] => fird
    [1] => pergeot
    [2] => vauxhall
)
Array
(
    [0] => fird
    [1] => pergeot
    [2] => vauxhall
)
Array
(
    [0] => fird
    [1] => pergeot
    [2] => vauxhall
)
Array
(
    [0] => fird
    [1] => pergeot
    [2] => vauxhall
)
Array
(
    [0] => fird
    [1] => pergeot
    [2] => vauxhall
)
Array
(
    [0] => fird
    [1] => pergeot
    [2] => vauxhall
)

18-----21:00:11------------

33-----21:06:16------------

24-----21:09:21------------

24-----21:09:38------------
array(2) {
  [0]=>
  string(5) "fruit"
  [1]=>
  array(3) {
    [0]=>
    string(5) "apple"
    [1]=>
    string(7) "bannana"
    [2]=>
    string(4) "pear"
  }
}
